  Agent.cpp
  App.cpp
  Background.cpp
  Buttom.cpp
  Camera2D.cpp
  EndScreen.cpp
  Enemie.cpp
  Error.cpp
  Game.cpp
  GLS_Program.cpp
  ImageLoader.cpp
C:\Users\ASUS\Desktop\fundamentos2019-02-TA3_B\fundamento\PapuEngine\Enemie.cpp(9,32): warning C4244:  'argumento': conversión de 'time_t' a 'unsigned int'; posible pérdida de datos
C:\Users\ASUS\Desktop\fundamentos2019-02-TA3_B\fundamento\PapuEngine\ImageLoader.cpp(36,19): warning C4244:  '=': conversión de 'unsigned long' a 'float'; posible pérdida de datos
  InputManager.cpp
  IOManager.cpp
C:\Users\ASUS\Desktop\fundamentos2019-02-TA3_B\fundamento\PapuEngine\ImageLoader.cpp(37,18): warning C4244:  '=': conversión de 'unsigned long' a 'float'; posible pérdida de datos
C:\Users\ASUS\Desktop\fundamentos2019-02-TA3_B\fundamento\PapuEngine\IOManager.cpp(15,15): warning C4244:  'inicializando': conversión de 'std::streamoff' a 'int'; posible pérdida de datos
  main.cpp
  MenuScreen.cpp
  PapuEngine.cpp
  picoPNG.cpp
  PlayScreen.cpp
C:\Users\ASUS\Desktop\fundamentos2019-02-TA3_B\fundamento\PapuEngine\IOManager.cpp(18,26): warning C4244:  '-=': conversión de 'std::streamoff' a 'int'; posible pérdida de datos
C:\Users\ASUS\Desktop\fundamentos2019-02-TA3_B\fundamento\PapuEngine\PlayScreen.cpp(92,61): warning C4244:  'argumento': conversión de 'Sint32' a 'float'; posible pérdida de datos
  ResourceManager.cpp
  ScreenList.cpp
  Generando código...
C:\Users\ASUS\Desktop\fundamentos2019-02-TA3_B\fundamento\PapuEngine\PlayScreen.cpp(92,45): warning C4244:  'argumento': conversión de 'Sint32' a 'float'; posible pérdida de datos
  Compilando...
  Ship.cpp
  Sprite.cpp
  SpriteBacth.cpp
C:\Users\ASUS\Desktop\fundamentos2019-02-TA3_B\fundamento\PapuEngine\Camera2D.cpp(38): warning C4715:  'Camera2D::isBoxInView': no todas las rutas de acceso de control devuelven un valor
C:\Users\ASUS\Desktop\fundamentos2019-02-TA3_B\fundamento\PapuEngine\SpriteBacth.cpp(45,22): warning C4018:  '<': no coinciden signed/unsigned
  SpriteFont.cpp
  TextureCache.cpp
  Timing.cpp
C:\Users\ASUS\Desktop\fundamentos2019-02-TA3_B\fundamento\PapuEngine\SpriteBacth.cpp(73,20): warning C4018:  '<': no coinciden signed/unsigned
  Window.cpp
  Generando código...
C:\Users\ASUS\Desktop\fundamentos2019-02-TA3_B\fundamento\PapuEngine\Timing.cpp(22,41): warning C4244:  'argumento': conversión de 'float' a 'Uint32'; posible pérdida de datos
  PapuEngine.vcxproj -> C:\Users\ASUS\Desktop\fundamentos2019-02-TA3_B\fundamento\Debug\PapuEngine.exe
